C:\Program Files (x86)\Microsoft Visual Studio\2017\Community\Common7\IDE\VC\VCTargets\Microsoft.CppBuild.targets(391,5): warning MSB8028: The intermediate directory (Debug\) contains files shared from another project (week6b.vcxproj).  This can lead to incorrect clean and rebuild behavior.
  BmpLoader.cpp
c:\users\anthony perry\desktop\spider\spider\bmploader.cpp(36): warning C4018: '<': signed/unsigned mismatch
  Main.cpp
c:\users\anthony perry\desktop\spider\spider\main.cpp(16): warning C4305: 'initializing': truncation from 'double' to 'float'
c:\users\anthony perry\desktop\spider\spider\main.cpp(17): warning C4305: 'initializing': truncation from 'double' to 'float'
c:\users\anthony perry\desktop\spider\spider\main.cpp(18): warning C4305: 'initializing': truncation from 'double' to 'float'
c:\users\anthony perry\desktop\spider\spider\main.cpp(36): warning C4305: '-=': truncation from 'double' to 'float'
c:\users\anthony perry\desktop\spider\spider\main.cpp(37): warning C4305: '+=': truncation from 'double' to 'float'
c:\users\anthony perry\desktop\spider\spider\main.cpp(42): warning C4305: '-=': truncation from 'double' to 'float'
c:\users\anthony perry\desktop\spider\spider\main.cpp(43): warning C4305: '+=': truncation from 'double' to 'float'
c:\users\anthony perry\desktop\spider\spider\main.cpp(54): warning C4305: '-=': truncation from 'double' to 'float'
c:\users\anthony perry\desktop\spider\spider\main.cpp(55): warning C4305: '+=': truncation from 'double' to 'float'
c:\users\anthony perry\desktop\spider\spider\main.cpp(60): warning C4305: '-=': truncation from 'double' to 'float'
c:\users\anthony perry\desktop\spider\spider\main.cpp(61): warning C4305: '+=': truncation from 'double' to 'float'
c:\users\anthony perry\desktop\spider\spider\main.cpp(66): warning C4305: '+=': truncation from 'double' to 'float'
c:\users\anthony perry\desktop\spider\spider\main.cpp(91): warning C4305: 'argument': truncation from 'double' to 'GLfloat'
c:\users\anthony perry\desktop\spider\spider\main.cpp(110): warning C4305: 'argument': truncation from 'double' to 'GLfloat'
c:\users\anthony perry\desktop\spider\spider\main.cpp(139): warning C4305: 'argument': truncation from 'double' to 'GLfloat'
c:\users\anthony perry\desktop\spider\spider\main.cpp(160): warning C4305: 'argument': truncation from 'double' to 'GLfloat'
c:\users\anthony perry\desktop\spider\spider\main.cpp(182): warning C4305: 'argument': truncation from 'double' to 'GLfloat'
c:\users\anthony perry\desktop\spider\spider\main.cpp(200): warning C4305: 'argument': truncation from 'double' to 'GLfloat'
c:\users\anthony perry\desktop\spider\spider\main.cpp(206): warning C4305: 'argument': truncation from 'double' to 'GLfloat'
c:\users\anthony perry\desktop\spider\spider\main.cpp(212): warning C4305: 'argument': truncation from 'double' to 'GLfloat'
c:\users\anthony perry\desktop\spider\spider\main.cpp(220): warning C4305: 'argument': truncation from 'double' to 'GLfloat'
c:\users\anthony perry\desktop\spider\spider\main.cpp(227): warning C4305: 'argument': truncation from 'double' to 'GLfloat'
c:\users\anthony perry\desktop\spider\spider\main.cpp(234): warning C4305: 'argument': truncation from 'double' to 'GLfloat'
c:\users\anthony perry\desktop\spider\spider\main.cpp(241): warning C4305: 'argument': truncation from 'double' to 'GLfloat'
c:\users\anthony perry\desktop\spider\spider\main.cpp(248): warning C4305: 'argument': truncation from 'double' to 'GLfloat'
c:\users\anthony perry\desktop\spider\spider\main.cpp(255): warning C4305: 'argument': truncation from 'double' to 'GLfloat'
c:\users\anthony perry\desktop\spider\spider\main.cpp(264): warning C4305: 'argument': truncation from 'double' to 'GLfloat'
c:\users\anthony perry\desktop\spider\spider\main.cpp(265): warning C4305: 'argument': truncation from 'double' to 'GLfloat'
c:\users\anthony perry\desktop\spider\spider\main.cpp(272): warning C4305: 'argument': truncation from 'double' to 'GLfloat'
c:\users\anthony perry\desktop\spider\spider\main.cpp(273): warning C4305: 'argument': truncation from 'double' to 'GLfloat'
c:\users\anthony perry\desktop\spider\spider\main.cpp(280): warning C4305: 'argument': truncation from 'double' to 'GLfloat'
c:\users\anthony perry\desktop\spider\spider\main.cpp(281): warning C4305: 'argument': truncation from 'double' to 'GLfloat'
c:\users\anthony perry\desktop\spider\spider\main.cpp(288): warning C4305: 'argument': truncation from 'double' to 'GLfloat'
c:\users\anthony perry\desktop\spider\spider\main.cpp(289): warning C4305: 'argument': truncation from 'double' to 'GLfloat'
c:\users\anthony perry\desktop\spider\spider\main.cpp(303): warning C4305: 'argument': truncation from 'double' to 'GLfloat'
c:\users\anthony perry\desktop\spider\spider\main.cpp(387): warning C4305: 'initializing': truncation from 'double' to 'GLfloat'
c:\users\anthony perry\desktop\spider\spider\main.cpp(388): warning C4305: 'initializing': truncation from 'double' to 'GLfloat'
  Generating Code...
  Spider.vcxproj -> C:\Users\Anthony Perry\Desktop\Spider\Debug\Spider.exe
